2016-11-23 17:17:14.592  INFO 4636 --- [main] wang.raye.rabbitmq.demo1.Application     : Starting Application on SKY-20160729SWT with PID 4636 (D:\CODE\work\demo1\target\classes started by Administrator in D:\CODE\work\demo1)
2016-11-23 17:17:14.594  INFO 4636 --- [main] wang.raye.rabbitmq.demo1.Application     : No active profile set, falling back to default profiles: default
2016-11-23 17:17:14.640  INFO 4636 --- [main] ationConfigEmbeddedWebApplicationContext : Refreshing org.springframework.boot.context.embedded.AnnotationConfigEmbeddedWebApplicationContext@15c3ca6d: startup date [Wed Nov 23 17:17:14 CST 2016]; root of context hierarchy
2016-11-23 17:17:15.553  INFO 4636 --- [main] trationDelegate$BeanPostProcessorChecker : Bean 'org.springframework.amqp.rabbit.annotation.RabbitBootstrapConfiguration' of type [class org.springframework.amqp.rabbit.annotation.RabbitBootstrapConfiguration$$EnhancerBySpringCGLIB$$2095789a] is not eligible for getting processed by all BeanPostProcessors (for example: not eligible for auto-proxying)
2016-11-23 17:17:15.629  INFO 4636 --- [main] trationDelegate$BeanPostProcessorChecker : Bean 'org.springframework.transaction.annotation.ProxyTransactionManagementConfiguration' of type [class org.springframework.transaction.annotation.ProxyTransactionManagementConfiguration$$EnhancerBySpringCGLIB$$5a29ba6c] is not eligible for getting processed by all BeanPostProcessors (for example: not eligible for auto-proxying)
2016-11-23 17:17:16.102  INFO 4636 --- [main] s.b.c.e.t.TomcatEmbeddedServletContainer : Tomcat initialized with port(s): 8082 (http)
2016-11-23 17:17:16.112  INFO 4636 --- [main] o.apache.catalina.core.StandardService   : Starting service Tomcat
2016-11-23 17:17:16.114  INFO 4636 --- [main] org.apache.catalina.core.StandardEngine  : Starting Servlet Engine: Apache Tomcat/8.5.4
2016-11-23 17:17:16.210  INFO 4636 --- [localhost-startStop-1] o.a.c.c.C.[Tomcat].[localhost].[/]       : Initializing Spring embedded WebApplicationContext
2016-11-23 17:17:16.210  INFO 4636 --- [localhost-startStop-1] o.s.web.context.ContextLoader            : Root WebApplicationContext: initialization completed in 1573 ms
2016-11-23 17:17:16.355  INFO 4636 --- [localhost-startStop-1] o.s.b.w.servlet.ServletRegistrationBean  : Mapping servlet: 'dispatcherServlet' to [/]
2016-11-23 17:17:16.359  INFO 4636 --- [localhost-startStop-1] o.s.b.w.servlet.FilterRegistrationBean   : Mapping filter: 'characterEncodingFilter' to: [/*]
2016-11-23 17:17:16.359  INFO 4636 --- [localhost-startStop-1] o.s.b.w.servlet.FilterRegistrationBean   : Mapping filter: 'hiddenHttpMethodFilter' to: [/*]
2016-11-23 17:17:16.360  INFO 4636 --- [localhost-startStop-1] o.s.b.w.servlet.FilterRegistrationBean   : Mapping filter: 'httpPutFormContentFilter' to: [/*]
2016-11-23 17:17:16.360  INFO 4636 --- [localhost-startStop-1] o.s.b.w.servlet.FilterRegistrationBean   : Mapping filter: 'requestContextFilter' to: [/*]
2016-11-23 17:17:16.750  INFO 4636 --- [main] s.w.s.m.m.a.RequestMappingHandlerAdapter : Looking for @ControllerAdvice: org.springframework.boot.context.embedded.AnnotationConfigEmbeddedWebApplicationContext@15c3ca6d: startup date [Wed Nov 23 17:17:14 CST 2016]; root of context hierarchy
2016-11-23 17:17:16.816  INFO 4636 --- [main] s.w.s.m.m.a.RequestMappingHandlerMapping : Mapped "{[/send]}" onto public java.lang.String wang.raye.rabbitmq.demo1.SendController.send(java.lang.String)
2016-11-23 17:17:16.821  INFO 4636 --- [main] s.w.s.m.m.a.RequestMappingHandlerMapping : Mapped "{[/error]}" onto public org.springframework.http.ResponseEntity<java.util.Map<java.lang.String, java.lang.Object>> org.springframework.boot.autoconfigure.web.BasicErrorController.error(javax.servlet.http.HttpServletRequest)
2016-11-23 17:17:16.821  INFO 4636 --- [main] s.w.s.m.m.a.RequestMappingHandlerMapping : Mapped "{[/error],produces=[text/html]}" onto public org.springframework.web.servlet.ModelAndView org.springframework.boot.autoconfigure.web.BasicErrorController.errorHtml(javax.servlet.http.HttpServletRequest,javax.servlet.http.HttpServletResponse)
2016-11-23 17:17:16.860  INFO 4636 --- [main] o.s.w.s.handler.SimpleUrlHandlerMapping  : Mapped URL path [/webjars/**] onto handler of type [class org.springframework.web.servlet.resource.ResourceHttpRequestHandler]
2016-11-23 17:17:16.860  INFO 4636 --- [main] o.s.w.s.handler.SimpleUrlHandlerMapping  : Mapped URL path [/**] onto handler of type [class org.springframework.web.servlet.resource.ResourceHttpRequestHandler]
2016-11-23 17:17:16.910  INFO 4636 --- [main] o.s.w.s.handler.SimpleUrlHandlerMapping  : Mapped URL path [/**/favicon.ico] onto handler of type [class org.springframework.web.servlet.resource.ResourceHttpRequestHandler]
2016-11-23 17:17:17.148 ERROR 4636 --- [main] o.s.b.b.PropertiesConfigurationFactory   : Properties configuration failed validation
2016-11-23 17:17:17.148 ERROR 4636 --- [main] o.s.b.b.PropertiesConfigurationFactory   : Field error in object 'spring.datasource' on field 'type': rejected value [com.alibaba.druid.pool.DruidDataSource]; codes [typeMismatch.spring.datasource.type,typeMismatch.type,typeMismatch.java.lang.Class,typeMismatch]; arguments [org.springframework.context.support.DefaultMessageSourceResolvable: codes [spring.datasource.type,type]; arguments []; default message [type]]; default message [Failed to convert property value of type [java.lang.String] to required type [java.lang.Class] for property 'type'; nested exception is java.lang.IllegalArgumentException: Cannot find class [com.alibaba.druid.pool.DruidDataSource]]
2016-11-23 17:17:17.149  WARN 4636 --- [main] ationConfigEmbeddedWebApplicationContext : Exception encountered during context initialization - cancelling refresh attempt: org.springframework.beans.factory.UnsatisfiedDependencyException: Error creating bean with name 'dataSourceInitializer': Unsatisfied dependency expressed through field 'properties': Error creating bean with name 'spring.datasource-org.springframework.boot.autoconfigure.jdbc.DataSourceProperties': Could not bind properties to DataSourceProperties (prefix=spring.datasource, ignoreInvalidFields=false, ignoreUnknownFields=true, ignoreNestedProperties=false); nested exception is org.springframework.validation.BindException: org.springframework.boot.bind.RelaxedDataBinder$RelaxedBeanPropertyBindingResult: 1 errors
Field error in object 'spring.datasource' on field 'type': rejected value [com.alibaba.druid.pool.DruidDataSource]; codes [typeMismatch.spring.datasource.type,typeMismatch.type,typeMismatch.java.lang.Class,typeMismatch]; arguments [org.springframework.context.support.DefaultMessageSourceResolvable: codes [spring.datasource.type,type]; arguments []; default message [type]]; default message [Failed to convert property value of type [java.lang.String] to required type [java.lang.Class] for property 'type'; nested exception is java.lang.IllegalArgumentException: Cannot find class [com.alibaba.druid.pool.DruidDataSource]]; nested exception is org.springframework.beans.factory.BeanCreationException: Error creating bean with name 'spring.datasource-org.springframework.boot.autoconfigure.jdbc.DataSourceProperties': Could not bind properties to DataSourceProperties (prefix=spring.datasource, ignoreInvalidFields=false, ignoreUnknownFields=true, ignoreNestedProperties=false); nested exception is org.springframework.validation.BindException: org.springframework.boot.bind.RelaxedDataBinder$RelaxedBeanPropertyBindingResult: 1 errors
Field error in object 'spring.datasource' on field 'type': rejected value [com.alibaba.druid.pool.DruidDataSource]; codes [typeMismatch.spring.datasource.type,typeMismatch.type,typeMismatch.java.lang.Class,typeMismatch]; arguments [org.springframework.context.support.DefaultMessageSourceResolvable: codes [spring.datasource.type,type]; arguments []; default message [type]]; default message [Failed to convert property value of type [java.lang.String] to required type [java.lang.Class] for property 'type'; nested exception is java.lang.IllegalArgumentException: Cannot find class [com.alibaba.druid.pool.DruidDataSource]]
2016-11-23 17:17:17.150  INFO 4636 --- [main] o.s.j.e.a.AnnotationMBeanExporter        : Unregistering JMX-exposed beans on shutdown
2016-11-23 17:17:17.152  INFO 4636 --- [main] o.apache.catalina.core.StandardService   : Stopping service Tomcat
2016-11-23 17:17:17.189  INFO 4636 --- [main] utoConfigurationReportLoggingInitializer : 

Error starting ApplicationContext. To display the auto-configuration report enable debug logging (start with --debug)


2016-11-23 17:17:17.196 ERROR 4636 --- [main] o.s.b.d.LoggingFailureAnalysisReporter   : 

***************************
APPLICATION FAILED TO START
***************************

Description:

Binding to target org.springframework.boot.autoconfigure.jdbc.DataSourceProperties@75c74de9 failed:

    Property: spring.datasource.type
    Value: com.alibaba.druid.pool.DruidDataSource
    Reason: Failed to convert property value of type [java.lang.String] to required type [java.lang.Class] for property 'type'; nested exception is java.lang.IllegalArgumentException: Cannot find class [com.alibaba.druid.pool.DruidDataSource]


Action:

Update your application's configuration

